
time:2018-02-25 15:08:59
exec_url:http://www.lrtractor.com/pay/callback.php?orderNo=2018022515082779811011K514944&percentInDayDO=&sign=fEjWw5oHAVEZ%2BDo3UbxmkX7cWu4Kr7bq9tjCfFIT3tbQFeeII5iPZeHBCLAjLdz4a3YiNfYiAY969Ur96j0Nr7S%2Fk94cHBscbO6G0mM4kobzCanjwLK8Dl0%2BJZNhVm5NGmqxNy4CHCTjT4xESz00Zm1X8A8LuZ4mm0WNRK%2B7rvFCYIxYtdYvOp%2B%2Fizd6816wryW5yAb7qskHESgvzJoQSfA2pRI%2F0RABqYEWSRcVgFkbmunhICkwgHhgkXFSF0RrVY%2F%2BipZUO1J5f1qJfb6G9TLAqdQ1MiQ%2F%2Be4SuYpu4nfyKQk0jjuYdajA4YPxkmIEzo9l6I4cYU6bupy5uS8NVg%3D%3D&channelType=yb_pc&appCode=20180224800000106&merchantOrderNo=1519550516&transactionResult=paying&realAmount=0&orderAmount=100.00&orderTime=20180225150850&customizeParam=&orderTitle=%E4%BC%9A%E5%91%98%E5%85%85%E5%80%BC
content:Array
(
    [orderNo] => 2018022515082779811011K514944
    [percentInDayDO] => 
    [sign] => fEjWw5oHAVEZ+Do3UbxmkX7cWu4Kr7bq9tjCfFIT3tbQFeeII5iPZeHBCLAjLdz4a3YiNfYiAY969Ur96j0Nr7S/k94cHBscbO6G0mM4kobzCanjwLK8Dl0+JZNhVm5NGmqxNy4CHCTjT4xESz00Zm1X8A8LuZ4mm0WNRK+7rvFCYIxYtdYvOp+/izd6816wryW5yAb7qskHESgvzJoQSfA2pRI/0RABqYEWSRcVgFkbmunhICkwgHhgkXFSF0RrVY/+ipZUO1J5f1qJfb6G9TLAqdQ1MiQ/+e4SuYpu4nfyKQk0jjuYdajA4YPxkmIEzo9l6I4cYU6bupy5uS8NVg==
    [channelType] => yb_pc
    [appCode] => 20180224800000106
    [merchantOrderNo] => 1519550516
    [transactionResult] => paying
    [realAmount] => 0
    [orderAmount] => 100.00
    [orderTime] => 20180225150850
    [customizeParam] => 
    [orderTitle] => 会员充值
)

-------------------------------------------------------------------------------------------------------------------
time:2018-02-25 15:10:00
exec_url:http://www.lrtractor.com/pay/callback.php
content:Array
(
)

-------------------------------------------------------------------------------------------------------------------
time:2018-02-25 15:12:00
exec_url:http://www.lrtractor.com/pay/callback.php
content:Array
(
)

-------------------------------------------------------------------------------------------------------------------
time:2018-02-25 15:12:01
exec_url:http://www.lrtractor.com/pay/callback.php
content:Array
(
)

-------------------------------------------------------------------------------------------------------------------
time:2018-02-25 15:12:01
exec_url:http://www.lrtractor.com/pay/callback.php
content:Array
(
)

-------------------------------------------------------------------------------------------------------------------
time:2018-02-25 15:16:01
exec_url:http://www.lrtractor.com/pay/callback.php
content:Array
(
)

-------------------------------------------------------------------------------------------------------------------
time:2018-02-25 15:18:00
exec_url:http://www.lrtractor.com/pay/callback.php
content:Array
(
)

-------------------------------------------------------------------------------------------------------------------
time:2018-02-25 15:24:00
exec_url:http://www.lrtractor.com/pay/callback.php
content:Array
(
)

-------------------------------------------------------------------------------------------------------------------
time:2018-02-25 15:24:00
exec_url:http://www.lrtractor.com/pay/callback.php
content:Array
(
)

-------------------------------------------------------------------------------------------------------------------
time:2018-02-25 15:25:00
exec_url:http://www.lrtractor.com/pay/callback.php
content:Array
(
)

-------------------------------------------------------------------------------------------------------------------
time:2018-02-25 15:27:00
exec_url:http://www.lrtractor.com/pay/callback.php
content:Array
(
)

-------------------------------------------------------------------------------------------------------------------
time:2018-02-25 15:40:00
exec_url:http://www.lrtractor.com/pay/callback.php
content:Array
(
)

-------------------------------------------------------------------------------------------------------------------
time:2018-02-25 15:55:00
exec_url:http://www.lrtractor.com/pay/callback.php
content:Array
(
)

-------------------------------------------------------------------------------------------------------------------
time:2018-02-25 15:56:06
exec_url:http://www.lrtractor.com/pay/callback.php?orderNo=2018022515524474711011w379478&percentInDayDO=&sign=BqJrrSSKxltJNarKjZHqkSV1aD9Rn%2FIoM8Q5ikRVBp0pe%2FxTi5NYYyAdh46T5a0aDnt2I2geBIsvxIZ8ScpZgTBMagBeTO4bsX0lzrB5f0bR3fpPt1mFcaWDoZEiK7KN6%2B9rCasa661enFBtUXa%2FhzcW8u%2F2cp0Zksn4GaXitDF20ENBsWht7dTpjfwS%2Bp%2Fi5EP8rFG8uXjFWWTXSK1uqgPUbTKnGftxhpgvRDBL3C4Ioc%2BD6oFbQZAiNJXw%2BiveaOM1LKxVsuquDp81P2W1UxiMXczeL%2B5%2FVT6zF%2BnJFbNjE0IzahADJzOE1sK6hDSGnQBrIKoiXCugMMTboa64Ww%3D%3D&channelType=yb_pc&appCode=20180224800000106&merchantOrderNo=1519548578&transactionResult=paying&realAmount=0&orderAmount=100.00&orderTime=20180225155311&customizeParam=&orderTitle=%E4%BC%9A%E5%91%98%E5%85%85%E5%80%BC
content:Array
(
    [orderNo] => 2018022515524474711011w379478
    [percentInDayDO] => 
    [sign] => BqJrrSSKxltJNarKjZHqkSV1aD9Rn/IoM8Q5ikRVBp0pe/xTi5NYYyAdh46T5a0aDnt2I2geBIsvxIZ8ScpZgTBMagBeTO4bsX0lzrB5f0bR3fpPt1mFcaWDoZEiK7KN6+9rCasa661enFBtUXa/hzcW8u/2cp0Zksn4GaXitDF20ENBsWht7dTpjfwS+p/i5EP8rFG8uXjFWWTXSK1uqgPUbTKnGftxhpgvRDBL3C4Ioc+D6oFbQZAiNJXw+iveaOM1LKxVsuquDp81P2W1UxiMXczeL+5/VT6zF+nJFbNjE0IzahADJzOE1sK6hDSGnQBrIKoiXCugMMTboa64Ww==
    [channelType] => yb_pc
    [appCode] => 20180224800000106
    [merchantOrderNo] => 1519548578
    [transactionResult] => paying
    [realAmount] => 0
    [orderAmount] => 100.00
    [orderTime] => 20180225155311
    [customizeParam] => 
    [orderTitle] => 会员充值
)

-------------------------------------------------------------------------------------------------------------------
time:2018-02-25 16:00:00
exec_url:http://www.lrtractor.com/pay/callback.php
content:Array
(
)

-------------------------------------------------------------------------------------------------------------------
time:2018-02-25 16:06:45
exec_url:http://www.lrtractor.com/pay/callback.php?orderNo=2018022516052504311011q342813&percentInDayDO=&sign=fbvfAe4058C2qZCHwYyaFFFjDqoS1zCkK2hzcnHIWs7h0013TsnvMOcw%2FlqIfF6ic6KClRs7VR4tJMHvbu3h0hIAH1%2FqioJHl9bT8ukcXQjcGcJsQ5PQFfr9Z35l%2BS1Kdp2%2Bd7BuzrIodONuLM%2FT0OLZPdsGBo6qW6UObtQ13fyxToCDPKP0RlqXyrUVMUYXKBm7SniipUe9DnerbQ4IZMtP9wYv86ZivnmRJXbC1FZgzeen1NP%2FLQPKin6odMikLLtYaU73drAXE%2FwvtNm6oPBqfrlpqxt%2F5iJmKwWe2nHASyc3VsSDNeKDiUV44ga2WOqjo9SmM8S3YD2q7DogQw%3D%3D&channelType=yb_pc&appCode=20180224800000106&merchantOrderNo=1519553033&transactionResult=paying&realAmount=0&orderAmount=100.00&orderTime=20180225160622&customizeParam=&orderTitle=%E4%BC%9A%E5%91%98%E5%85%85%E5%80%BC
content:Array
(
    [orderNo] => 2018022516052504311011q342813
    [percentInDayDO] => 
    [sign] => fbvfAe4058C2qZCHwYyaFFFjDqoS1zCkK2hzcnHIWs7h0013TsnvMOcw/lqIfF6ic6KClRs7VR4tJMHvbu3h0hIAH1/qioJHl9bT8ukcXQjcGcJsQ5PQFfr9Z35l+S1Kdp2+d7BuzrIodONuLM/T0OLZPdsGBo6qW6UObtQ13fyxToCDPKP0RlqXyrUVMUYXKBm7SniipUe9DnerbQ4IZMtP9wYv86ZivnmRJXbC1FZgzeen1NP/LQPKin6odMikLLtYaU73drAXE/wvtNm6oPBqfrlpqxt/5iJmKwWe2nHASyc3VsSDNeKDiUV44ga2WOqjo9SmM8S3YD2q7DogQw==
    [channelType] => yb_pc
    [appCode] => 20180224800000106
    [merchantOrderNo] => 1519553033
    [transactionResult] => paying
    [realAmount] => 0
    [orderAmount] => 100.00
    [orderTime] => 20180225160622
    [customizeParam] => 
    [orderTitle] => 会员充值
)

-------------------------------------------------------------------------------------------------------------------
time:2018-02-25 16:08:00
exec_url:http://www.lrtractor.com/pay/callback.php
content:Array
(
)

-------------------------------------------------------------------------------------------------------------------
time:2018-02-25 16:12:00
exec_url:http://www.lrtractor.com/pay/callback.php
content:Array
(
)

-------------------------------------------------------------------------------------------------------------------
time:2018-02-25 16:12:00
exec_url:http://www.lrtractor.com/pay/callback.php
content:Array
(
)

-------------------------------------------------------------------------------------------------------------------
time:2018-02-25 16:13:11
exec_url:http://www.lrtractor.com/pay/callback.php?orderNo=2018022516123099511011Y260023&percentInDayDO=&sign=TjCSiUnbgSXa4H6UyL2iHxwwvr%2FgpLvWjbfjOVNsDrPTKSVk1gtm%2BkgjhMGwKMtWcm2NAsP6ciTqiFlsX7BEfyboNFlIAN050j9VD1wLdMAqztiEd7UOc8iPGwrgyXNC6U06sjPXKeicAr93ICz0rSnfZt%2F%2F9mKZ%2BzPCLMZyNiXB49AubAZGtt6lcvmHo4vLFpL4FARS%2FoAPfev2qO%2BK3fBq1pI8NYOF6ZwxowxELEkM%2FUCCmuoPgG1CvKr3v4xAaG4AEFOki1ltU45Gv5I5GBkvE4sHh6NDOK%2F%2BKi0vYDjF%2FXqJDKI2lB8OqatePgtVgc9TcJGXzmn%2BLyhawCk09A%3D%3D&channelType=yb_pc&appCode=20180224800000106&merchantOrderNo=1519552546&transactionResult=paying&realAmount=0&orderAmount=100.00&orderTime=20180225161254&customizeParam=&orderTitle=%E4%BC%9A%E5%91%98%E5%85%85%E5%80%BC
content:Array
(
    [orderNo] => 2018022516123099511011Y260023
    [percentInDayDO] => 
    [sign] => TjCSiUnbgSXa4H6UyL2iHxwwvr/gpLvWjbfjOVNsDrPTKSVk1gtm+kgjhMGwKMtWcm2NAsP6ciTqiFlsX7BEfyboNFlIAN050j9VD1wLdMAqztiEd7UOc8iPGwrgyXNC6U06sjPXKeicAr93ICz0rSnfZt//9mKZ+zPCLMZyNiXB49AubAZGtt6lcvmHo4vLFpL4FARS/oAPfev2qO+K3fBq1pI8NYOF6ZwxowxELEkM/UCCmuoPgG1CvKr3v4xAaG4AEFOki1ltU45Gv5I5GBkvE4sHh6NDOK/+Ki0vYDjF/XqJDKI2lB8OqatePgtVgc9TcJGXzmn+LyhawCk09A==
    [channelType] => yb_pc
    [appCode] => 20180224800000106
    [merchantOrderNo] => 1519552546
    [transactionResult] => paying
    [realAmount] => 0
    [orderAmount] => 100.00
    [orderTime] => 20180225161254
    [customizeParam] => 
    [orderTitle] => 会员充值
)

-------------------------------------------------------------------------------------------------------------------
time:2018-02-25 16:13:43
exec_url:http://www.lrtractor.com/pay/callback.php?orderNo=2018022516123099511011Y260023&percentInDayDO=&sign=TjCSiUnbgSXa4H6UyL2iHxwwvr%2FgpLvWjbfjOVNsDrPTKSVk1gtm%2BkgjhMGwKMtWcm2NAsP6ciTqiFlsX7BEfyboNFlIAN050j9VD1wLdMAqztiEd7UOc8iPGwrgyXNC6U06sjPXKeicAr93ICz0rSnfZt%2F%2F9mKZ%2BzPCLMZyNiXB49AubAZGtt6lcvmHo4vLFpL4FARS%2FoAPfev2qO%2BK3fBq1pI8NYOF6ZwxowxELEkM%2FUCCmuoPgG1CvKr3v4xAaG4AEFOki1ltU45Gv5I5GBkvE4sHh6NDOK%2F%2BKi0vYDjF%2FXqJDKI2lB8OqatePgtVgc9TcJGXzmn%2BLyhawCk09A%3D%3D&channelType=yb_pc&appCode=20180224800000106&merchantOrderNo=1519552546&transactionResult=paying&realAmount=0&orderAmount=100.00&orderTime=20180225161254&customizeParam=&orderTitle=%E4%BC%9A%E5%91%98%E5%85%85%E5%80%BC
content:Array
(
    [orderNo] => 2018022516123099511011Y260023
    [percentInDayDO] => 
    [sign] => TjCSiUnbgSXa4H6UyL2iHxwwvr/gpLvWjbfjOVNsDrPTKSVk1gtm+kgjhMGwKMtWcm2NAsP6ciTqiFlsX7BEfyboNFlIAN050j9VD1wLdMAqztiEd7UOc8iPGwrgyXNC6U06sjPXKeicAr93ICz0rSnfZt//9mKZ+zPCLMZyNiXB49AubAZGtt6lcvmHo4vLFpL4FARS/oAPfev2qO+K3fBq1pI8NYOF6ZwxowxELEkM/UCCmuoPgG1CvKr3v4xAaG4AEFOki1ltU45Gv5I5GBkvE4sHh6NDOK/+Ki0vYDjF/XqJDKI2lB8OqatePgtVgc9TcJGXzmn+LyhawCk09A==
    [channelType] => yb_pc
    [appCode] => 20180224800000106
    [merchantOrderNo] => 1519552546
    [transactionResult] => paying
    [realAmount] => 0
    [orderAmount] => 100.00
    [orderTime] => 20180225161254
    [customizeParam] => 
    [orderTitle] => 会员充值
)

-------------------------------------------------------------------------------------------------------------------
time:2018-02-25 16:13:46
exec_url:http://www.lrtractor.com/pay/callback.php?orderNo=2018022516123099511011Y260023&percentInDayDO=&sign=TjCSiUnbgSXa4H6UyL2iHxwwvr%2FgpLvWjbfjOVNsDrPTKSVk1gtm%2BkgjhMGwKMtWcm2NAsP6ciTqiFlsX7BEfyboNFlIAN050j9VD1wLdMAqztiEd7UOc8iPGwrgyXNC6U06sjPXKeicAr93ICz0rSnfZt%2F%2F9mKZ%2BzPCLMZyNiXB49AubAZGtt6lcvmHo4vLFpL4FARS%2FoAPfev2qO%2BK3fBq1pI8NYOF6ZwxowxELEkM%2FUCCmuoPgG1CvKr3v4xAaG4AEFOki1ltU45Gv5I5GBkvE4sHh6NDOK%2F%2BKi0vYDjF%2FXqJDKI2lB8OqatePgtVgc9TcJGXzmn%2BLyhawCk09A%3D%3D&channelType=yb_pc&appCode=20180224800000106&merchantOrderNo=1519552546&transactionResult=paying&realAmount=0&orderAmount=100.00&orderTime=20180225161254&customizeParam=&orderTitle=%E4%BC%9A%E5%91%98%E5%85%85%E5%80%BC
content:Array
(
    [orderNo] => 2018022516123099511011Y260023
    [percentInDayDO] => 
    [sign] => TjCSiUnbgSXa4H6UyL2iHxwwvr/gpLvWjbfjOVNsDrPTKSVk1gtm+kgjhMGwKMtWcm2NAsP6ciTqiFlsX7BEfyboNFlIAN050j9VD1wLdMAqztiEd7UOc8iPGwrgyXNC6U06sjPXKeicAr93ICz0rSnfZt//9mKZ+zPCLMZyNiXB49AubAZGtt6lcvmHo4vLFpL4FARS/oAPfev2qO+K3fBq1pI8NYOF6ZwxowxELEkM/UCCmuoPgG1CvKr3v4xAaG4AEFOki1ltU45Gv5I5GBkvE4sHh6NDOK/+Ki0vYDjF/XqJDKI2lB8OqatePgtVgc9TcJGXzmn+LyhawCk09A==
    [channelType] => yb_pc
    [appCode] => 20180224800000106
    [merchantOrderNo] => 1519552546
    [transactionResult] => paying
    [realAmount] => 0
    [orderAmount] => 100.00
    [orderTime] => 20180225161254
    [customizeParam] => 
    [orderTitle] => 会员充值
)

-------------------------------------------------------------------------------------------------------------------
time:2018-02-25 16:14:00
exec_url:http://www.lrtractor.com/pay/callback.php
content:Array
(
)

-------------------------------------------------------------------------------------------------------------------
time:2018-02-25 16:16:02
exec_url:http://www.lrtractor.com/pay/callback.php
content:Array
(
)

-------------------------------------------------------------------------------------------------------------------
time:2018-02-25 16:18:00
exec_url:http://www.lrtractor.com/pay/callback.php
content:Array
(
)

-------------------------------------------------------------------------------------------------------------------
time:2018-02-25 16:20:00
exec_url:http://www.lrtractor.com/pay/callback.php
content:Array
(
)

-------------------------------------------------------------------------------------------------------------------
time:2018-02-25 16:24:00
exec_url:http://www.lrtractor.com/pay/callback.php
content:Array
(
)

-------------------------------------------------------------------------------------------------------------------
time:2018-02-25 16:24:00
exec_url:http://www.lrtractor.com/pay/callback.php
content:Array
(
)

-------------------------------------------------------------------------------------------------------------------
time:2018-02-25 16:28:00
exec_url:http://www.lrtractor.com/pay/callback.php
content:Array
(
)

-------------------------------------------------------------------------------------------------------------------
time:2018-02-25 16:30:00
exec_url:http://www.lrtractor.com/pay/callback.php
content:Array
(
)

-------------------------------------------------------------------------------------------------------------------
time:2018-02-25 17:12:00
exec_url:http://www.lrtractor.com/pay/callback.php
content:Array
(
)

-------------------------------------------------------------------------------------------------------------------
time:2018-02-25 17:15:00
exec_url:http://www.lrtractor.com/pay/callback.php
content:Array
(
)

-------------------------------------------------------------------------------------------------------------------
time:2018-02-25 17:24:00
exec_url:http://www.lrtractor.com/pay/callback.php
content:Array
(
)

-------------------------------------------------------------------------------------------------------------------
time:2018-02-25 17:25:00
exec_url:http://www.lrtractor.com/pay/callback.php
content:Array
(
)

-------------------------------------------------------------------------------------------------------------------
time:2018-02-25 17:32:00
exec_url:http://www.lrtractor.com/pay/callback.php
content:Array
(
)

-------------------------------------------------------------------------------------------------------------------
time:2018-02-25 18:20:00
exec_url:http://www.lrtractor.com/pay/callback.php
content:Array
(
)

-------------------------------------------------------------------------------------------------------------------
time:2018-02-25 18:20:00
exec_url:http://www.lrtractor.com/pay/callback.php
content:Array
(
)

-------------------------------------------------------------------------------------------------------------------
time:2018-02-25 18:25:00
exec_url:http://www.lrtractor.com/pay/callback.php
content:Array
(
)

-------------------------------------------------------------------------------------------------------------------
time:2018-02-25 18:30:00
exec_url:http://www.lrtractor.com/pay/callback.php
content:Array
(
)

-------------------------------------------------------------------------------------------------------------------
time:2018-02-25 19:15:00
exec_url:http://www.lrtractor.com/pay/callback.php
content:Array
(
)

-------------------------------------------------------------------------------------------------------------------
time:2018-02-25 19:25:00
exec_url:http://www.lrtractor.com/pay/callback.php
content:Array
(
)

-------------------------------------------------------------------------------------------------------------------
time:2018-02-25 19:35:00
exec_url:http://www.lrtractor.com/pay/callback.php
content:Array
(
)

-------------------------------------------------------------------------------------------------------------------